Traceback (most recent call last):
  File "/opt/hostedtoolcache/Python/3.10.17/x64/lib/python3.10/site-packages/jupyter_cache/executors/utils.py", line 58, in single_nb_execution
    executenb(
  File "/opt/hostedtoolcache/Python/3.10.17/x64/lib/python3.10/site-packages/nbclient/client.py", line 1319, in execute
    return NotebookClient(nb=nb, resources=resources, km=km, **kwargs).execute()
  File "/opt/hostedtoolcache/Python/3.10.17/x64/lib/python3.10/site-packages/jupyter_core/utils/__init__.py", line 165, in wrapped
    return loop.run_until_complete(inner)
  File "/opt/hostedtoolcache/Python/3.10.17/x64/lib/python3.10/asyncio/base_events.py", line 649, in run_until_complete
    return future.result()
  File "/opt/hostedtoolcache/Python/3.10.17/x64/lib/python3.10/site-packages/nbclient/client.py", line 709, in async_execute
    await self.async_execute_cell(
  File "/opt/hostedtoolcache/Python/3.10.17/x64/lib/python3.10/site-packages/nbclient/client.py", line 1062, in async_execute_cell
    await self._check_raise_for_error(cell, cell_index, exec_reply)
  File "/opt/hostedtoolcache/Python/3.10.17/x64/lib/python3.10/site-packages/nbclient/client.py", line 918, in _check_raise_for_error
    raise CellExecutionError.from_cell_and_msg(cell, exec_reply_content)
nbclient.exceptions.CellExecutionError: An error occurred while executing the following cell:
------------------
eodc_catalog = initialize_catalog()
search = initialize_search(eodc_catalog, bounding_box, time_range, dynamic=True)
items_sig0 = search.item_collection()
sig0_dc = prepare_dc(items_sig0, bounding_box, bands="VV")
sig0_dc, orbit_sig0 = process_sig0_dc(sig0_dc, items_sig0, bands="VV")
sig0_dc
------------------


[0;31m---------------------------------------------------------------------------[0m
[0;31mValueError[0m                                Traceback (most recent call last)
Cell [0;32mIn[4], line 5[0m
[1;32m      3[0m items_sig0 [38;5;241m=[39m search[38;5;241m.[39mitem_collection()
[1;32m      4[0m sig0_dc [38;5;241m=[39m prepare_dc(items_sig0, bounding_box, bands[38;5;241m=[39m[38;5;124m"[39m[38;5;124mVV[39m[38;5;124m"[39m)
[0;32m----> 5[0m sig0_dc, orbit_sig0 [38;5;241m=[39m [43mprocess_sig0_dc[49m[43m([49m[43msig0_dc[49m[43m,[49m[43m [49m[43mitems_sig0[49m[43m,[49m[43m [49m[43mbands[49m[38;5;241;43m=[39;49m[38;5;124;43m"[39;49m[38;5;124;43mVV[39;49m[38;5;124;43m"[39;49m[43m)[49m
[1;32m      6[0m sig0_dc

File [0;32m/opt/hostedtoolcache/Python/3.10.17/x64/lib/python3.10/site-packages/dask_flood_mapper/processing.py:46[0m, in [0;36mprocess_sig0_dc[0;34m(sig0_dc, items_sig0, bands)[0m
[1;32m     38[0m sig0_dc [38;5;241m=[39m (
[1;32m     39[0m     post_process_eodc_cube(sig0_dc, items_sig0, bands)
[1;32m     40[0m     [38;5;241m.[39mrename_vars({[38;5;124m"[39m[38;5;124mVV[39m[38;5;124m"[39m: [38;5;124m"[39m[38;5;124msig0[39m[38;5;124m"[39m})
[0;32m   (...)[0m
[1;32m     43[0m     [38;5;241m.[39msortby([38;5;124m"[39m[38;5;124mtime[39m[38;5;124m"[39m)
[1;32m     44[0m )
[1;32m     45[0m orbit_sig0 [38;5;241m=[39m order_orbits(sig0_dc)
[0;32m---> 46[0m sig0_dc [38;5;241m=[39m [43msig0_dc[49m[38;5;241;43m.[39;49m[43mgroupby[49m[43m([49m[38;5;124;43m"[39;49m[38;5;124;43mtime[39;49m[38;5;124;43m"[39;49m[43m)[49m[38;5;241;43m.[39;49m[43mmean[49m[43m([49m[43mskipna[49m[38;5;241;43m=[39;49m[38;5;28;43;01mTrue[39;49;00m[43m)[49m
[1;32m     47[0m sig0_dc [38;5;241m=[39m sig0_dc[38;5;241m.[39massign_coords(orbit[38;5;241m=[39m([38;5;124m"[39m[38;5;124mtime[39m[38;5;124m"[39m, orbit_sig0))
[1;32m     48[0m sig0_dc [38;5;241m=[39m sig0_dc[38;5;241m.[39mpersist()

File [0;32m/opt/hostedtoolcache/Python/3.10.17/x64/lib/python3.10/site-packages/xarray/core/_aggregations.py:2974[0m, in [0;36mDatasetGroupByAggregations.mean[0;34m(self, dim, skipna, keep_attrs, **kwargs)[0m
[1;32m   2964[0m     [38;5;28;01mreturn[39;00m [38;5;28mself[39m[38;5;241m.[39m_flox_reduce(
[1;32m   2965[0m         func[38;5;241m=[39m[38;5;124m"[39m[38;5;124mmean[39m[38;5;124m"[39m,
[1;32m   2966[0m         dim[38;5;241m=[39mdim,
[0;32m   (...)[0m
[1;32m   2971[0m         [38;5;241m*[39m[38;5;241m*[39mkwargs,
[1;32m   2972[0m     )
[1;32m   2973[0m [38;5;28;01melse[39;00m:
[0;32m-> 2974[0m     [38;5;28;01mreturn[39;00m [38;5;28;43mself[39;49m[38;5;241;43m.[39;49m[43m_reduce_without_squeeze_warn[49m[43m([49m
[1;32m   2975[0m [43m        [49m[43mduck_array_ops[49m[38;5;241;43m.[39;49m[43mmean[49m[43m,[49m
[1;32m   2976[0m [43m        [49m[43mdim[49m[38;5;241;43m=[39;49m[43mdim[49m[43m,[49m
[1;32m   2977[0m [43m        [49m[43mskipna[49m[38;5;241;43m=[39;49m[43mskipna[49m[43m,[49m
[1;32m   2978[0m [43m        [49m[43mnumeric_only[49m[38;5;241;43m=[39;49m[38;5;28;43;01mTrue[39;49;00m[43m,[49m
[1;32m   2979[0m [43m        [49m[43mkeep_attrs[49m[38;5;241;43m=[39;49m[43mkeep_attrs[49m[43m,[49m
[1;32m   2980[0m [43m        [49m[38;5;241;43m*[39;49m[38;5;241;43m*[39;49m[43mkwargs[49m[43m,[49m
[1;32m   2981[0m [43m    [49m[43m)[49m

File [0;32m/opt/hostedtoolcache/Python/3.10.17/x64/lib/python3.10/site-packages/xarray/core/groupby.py:1991[0m, in [0;36mDatasetGroupByBase._reduce_without_squeeze_warn[0;34m(self, func, dim, axis, keep_attrs, keepdims, shortcut, **kwargs)[0m
[1;32m   1989[0m [38;5;28;01mwith[39;00m warnings[38;5;241m.[39mcatch_warnings():
[1;32m   1990[0m     warnings[38;5;241m.[39mfilterwarnings([38;5;124m"[39m[38;5;124mignore[39m[38;5;124m"[39m, message[38;5;241m=[39m[38;5;124m"[39m[38;5;124mThe `squeeze` kwarg[39m[38;5;124m"[39m)
[0;32m-> 1991[0m     [43mcheck_reduce_dims[49m[43m([49m[43mdim[49m[43m,[49m[43m [49m[38;5;28;43mself[39;49m[38;5;241;43m.[39;49m[43mdims[49m[43m)[49m
[1;32m   1993[0m [38;5;28;01mreturn[39;00m [38;5;28mself[39m[38;5;241m.[39m_map_maybe_warn(reduce_dataset, warn_squeeze[38;5;241m=[39m[38;5;28;01mFalse[39;00m)

File [0;32m/opt/hostedtoolcache/Python/3.10.17/x64/lib/python3.10/site-packages/xarray/core/groupby.py:72[0m, in [0;36mcheck_reduce_dims[0;34m(reduce_dims, dimensions)[0m
[1;32m     70[0m     reduce_dims [38;5;241m=[39m [reduce_dims]
[1;32m     71[0m [38;5;28;01mif[39;00m [38;5;28many[39m(dim [38;5;129;01mnot[39;00m [38;5;129;01min[39;00m dimensions [38;5;28;01mfor[39;00m dim [38;5;129;01min[39;00m reduce_dims):
[0;32m---> 72[0m     [38;5;28;01mraise[39;00m [38;5;167;01mValueError[39;00m(
[1;32m     73[0m         [38;5;124mf[39m[38;5;124m"[39m[38;5;124mcannot reduce over dimensions [39m[38;5;132;01m{[39;00mreduce_dims[38;5;132;01m!r}[39;00m[38;5;124m. expected either [39m[38;5;124m'[39m[38;5;124m...[39m[38;5;124m'[39m[38;5;124m [39m[38;5;124m"[39m
[1;32m     74[0m         [38;5;124mf[39m[38;5;124m"[39m[38;5;124mto reduce over all dimensions or one or more of [39m[38;5;132;01m{[39;00mdimensions[38;5;132;01m!r}[39;00m[38;5;124m.[39m[38;5;124m"[39m
[1;32m     75[0m         [38;5;124mf[39m[38;5;124m"[39m[38;5;124m Try passing .groupby(..., squeeze=False)[39m[38;5;124m"[39m
[1;32m     76[0m     )

[0;31mValueError[0m: cannot reduce over dimensions ['time']. expected either '...' to reduce over all dimensions or one or more of FrozenMappingWarningOnValuesAccess(FrozenMappingWarningOnValuesAccess({'y': 7, 'x': 5})). Try passing .groupby(..., squeeze=False)

